<?xml version="1.0" encoding="UTF-8"?>
<!-- Generated by org.testng.reporters.JUnitReportReporter -->
<testsuite hostname="CNLDLF2586" failures="0" tests="2" name="com.qa.testscripts.Flipkart_Scenario_02" time="8.352" errors="0" timestamp="2023-08-19T20:59:56 IST" skipped="0">
  <testcase classname="com.qa.testscripts.Flipkart_Scenario_02" name="verifyingLogo" time="2.838"/>
  <system-out/>
  <testcase classname="com.qa.testscripts.Flipkart_Scenario_02" name="searchItem" time="5.514"/>
  <system-out/>
</testsuite> <!-- com.qa.testscripts.Flipkart_Scenario_02 -->
